Using pre-set license
Built from '2021.3/staging' branch; Version is '2021.3.2f1 (d6360bedb9a0) revision 14038539'; Using compiler version '192829333'; Build Type 'Release'
OS: 'Windows 10  (10.0.19045) 64bit Core' Language: 'ko' Physical Memory: 16347 MB
BatchMode: 1, IsHumanControllingUs: 0, StartBugReporterOnCrash: 0, Is64bit: 1, IsPro: 1

COMMAND LINE ARGUMENTS:
E:\unity\2021.3.2f1\Editor\Unity.exe
-adb2
-batchMode
-noUpm
-name
AssetImportWorker0
-projectPath
E:/unityProject/Vector_Prac/UnityPract
-logFile
Logs/AssetImportWorker0.log
-srvPort
54417
Successfully changed project path to: E:/unityProject/Vector_Prac/UnityPract
E:/unityProject/Vector_Prac/UnityPract
[UnityMemory] Configuration Parameters - Can be set up in boot.config
    "memorysetup-bucket-allocator-granularity=16"
    "memorysetup-bucket-allocator-bucket-count=8"
    "memorysetup-bucket-allocator-block-size=33554432"
    "memorysetup-bucket-allocator-block-count=8"
    "memorysetup-main-allocator-block-size=16777216"
    "memorysetup-thread-allocator-block-size=16777216"
    "memorysetup-gfx-main-allocator-block-size=16777216"
    "memorysetup-gfx-thread-allocator-block-size=16777216"
    "memorysetup-cache-allocator-block-size=4194304"
    "memorysetup-typetree-allocator-block-size=2097152"
    "memorysetup-profiler-bucket-allocator-granularity=16"
    "memorysetup-profiler-bucket-allocator-bucket-count=8"
    "memorysetup-profiler-bucket-allocator-block-size=33554432"
    "memorysetup-profiler-bucket-allocator-block-count=8"
    "memorysetup-profiler-allocator-block-size=16777216"
    "memorysetup-profiler-editor-allocator-block-size=1048576"
    "memorysetup-temp-allocator-size-main=16777216"
    "memorysetup-job-temp-allocator-block-size=2097152"
    "memorysetup-job-temp-allocator-block-size-background=1048576"
    "memorysetup-job-temp-allocator-reduction-small-platforms=262144"
    "memorysetup-temp-allocator-size-background-worker=32768"
    "memorysetup-temp-allocator-size-job-worker=262144"
    "memorysetup-temp-allocator-size-preload-manager=33554432"
    "memorysetup-temp-allocator-size-nav-mesh-worker=65536"
    "memorysetup-temp-allocator-size-audio-worker=65536"
    "memorysetup-temp-allocator-size-cloud-worker=32768"
    "memorysetup-temp-allocator-size-gi-baking-worker=262144"
    "memorysetup-temp-allocator-size-gfx=262144"
Refreshing native plugins compatible for Editor in 87.08 ms, found 3 plugins.
Preloading 0 native plugins for Editor in 0.00 ms.
Initialize engine version: 2021.3.2f1 (d6360bedb9a0)
[Subsystems] Discovering subsystems at path E:/unity/2021.3.2f1/Editor/Data/Resources/UnitySubsystems
[Subsystems] Discovering subsystems at path E:/unityProject/Vector_Prac/UnityPract/Assets
GfxDevice: creating device client; threaded=0; jobified=0
Direct3D:
    Version:  Direct3D 11.0 [level 11.1]
    Renderer: NVIDIA GeForce GTX 1070 Ti (ID=0x1b82)
    Vendor:   NVIDIA
    VRAM:     8079 MB
    Driver:   31.0.15.1694
Initialize mono
Mono path[0] = 'E:/unity/2021.3.2f1/Editor/Data/Managed'
Mono path[1] = 'E:/unity/2021.3.2f1/Editor/Data/MonoBleedingEdge/lib/mono/unityjit-win32'
Mono config path = 'E:/unity/2021.3.2f1/Editor/Data/MonoBleedingEdge/etc'
Using monoOptions --debugger-agent=transport=dt_socket,embedding=1,server=y,suspend=n,address=127.0.0.1:56364
Begin MonoManager ReloadAssembly
Registering precompiled unity dll's ...
Register platform support module: E:/unity/2021.3.2f1/Editor/Data/PlaybackEngines/WebGLSupport/UnityEditor.WebGL.Extensions.dll
Register platform support module: E:/unity/2021.3.2f1/Editor/Data/PlaybackEngines/AndroidPlayer/UnityEditor.Android.Extensions.dll
Register platform support module: E:/unity/2021.3.2f1/Editor/Data/PlaybackEngines/iOSSupport/UnityEditor.iOS.Extensions.dll
Register platform support module: E:/unity/2021.3.2f1/Editor/Data/PlaybackEngines/WindowsStandaloneSupport/UnityEditor.WindowsStandalone.Extensions.dll
Registered in 0.004090 seconds.
Native extension for WindowsStandalone target not found
[usbmuxd] Start listen thread
[usbmuxd] Listen thread started
Native extension for iOS target not found
Native extension for Android target not found
Native extension for WebGL target not found
Refreshing native plugins compatible for Editor in 91.52 ms, found 3 plugins.
Preloading 0 native plugins for Editor in 0.00 ms.
Mono: successfully reloaded assembly
- Completed reload, in  0.737 seconds
Domain Reload Profiling:
	ReloadAssembly (738ms)
		BeginReloadAssembly (88ms)
			ExecutionOrderSort (0ms)
			DisableScriptedObjects (0ms)
			BackupInstance (0ms)
			ReleaseScriptingObjects (0ms)
			CreateAndSetChildDomain (1ms)
		EndReloadAssembly (541ms)
			LoadAssemblies (88ms)
			RebuildTransferFunctionScriptingTraits (0ms)
			SetupTypeCache (127ms)
			ReleaseScriptCaches (0ms)
			RebuildScriptCaches (34ms)
			SetupLoadedEditorAssemblies (322ms)
				LogAssemblyErrors (0ms)
				InitializePlatformSupportModulesInManaged (66ms)
				SetLoadedEditorAssemblies (2ms)
				RefreshPlugins (92ms)
				BeforeProcessingInitializeOnLoad (1ms)
				ProcessInitializeOnLoadAttributes (105ms)
				ProcessInitializeOnLoadMethodAttributes (56ms)
				AfterProcessingInitializeOnLoad (0ms)
				EditorAssembliesLoaded (0ms)
			ExecutionOrderSort2 (0ms)
			AwakeInstancesAfterBackupRestoration (0ms)
Platform modules already initialized, skipping
Registering precompiled user dll's ...
Registered in 0.005248 seconds.
Begin MonoManager ReloadAssembly
Symbol file LoadedFromMemory doesn't match image E:\unityProject\Vector_Prac\UnityPract\Library\PackageCache\com.unity.visualscripting@1.7.6\Editor\VisualScripting.Core\Dependencies\YamlDotNet\Unity.VisualScripting.YamlDotNet.dll
Symbol file LoadedFromMemory doesn't match image E:\unityProject\Vector_Prac\UnityPract\Library\PackageCache\com.unity.visualscripting@1.7.6\Editor\VisualScripting.Core\Dependencies\DotNetZip\Unity.VisualScripting.IonicZip.dll
Native extension for WindowsStandalone target not found
Native extension for iOS target not found
Native extension for Android target not found
Native extension for WebGL target not found
Refreshing native plugins compatible for Editor in 0.88 ms, found 3 plugins.
Preloading 0 native plugins for Editor in 0.00 ms.
Mono: successfully reloaded assembly
- Completed reload, in  6.146 seconds
Domain Reload Profiling:
	ReloadAssembly (6148ms)
		BeginReloadAssembly (4892ms)
			ExecutionOrderSort (0ms)
			DisableScriptedObjects (6ms)
			BackupInstance (0ms)
			ReleaseScriptingObjects (0ms)
			CreateAndSetChildDomain (4772ms)
		EndReloadAssembly (1132ms)
			LoadAssemblies (117ms)
			RebuildTransferFunctionScriptingTraits (0ms)
			SetupTypeCache (396ms)
			ReleaseScriptCaches (1ms)
			RebuildScriptCaches (79ms)
			SetupLoadedEditorAssemblies (482ms)
				LogAssemblyErrors (0ms)
				InitializePlatformSupportModulesInManaged (33ms)
				SetLoadedEditorAssemblies (0ms)
				RefreshPlugins (1ms)
				BeforeProcessingInitializeOnLoad (105ms)
				ProcessInitializeOnLoadAttributes (304ms)
				ProcessInitializeOnLoadMethodAttributes (37ms)
				AfterProcessingInitializeOnLoad (3ms)
				EditorAssembliesLoaded (0ms)
			ExecutionOrderSort2 (0ms)
			AwakeInstancesAfterBackupRestoration (17ms)
Platform modules already initialized, skipping
========================================================================
Worker process is ready to serve import requests
Launched and connected shader compiler UnityShaderCompiler.exe after 0.07 seconds
Refreshing native plugins compatible for Editor in 1.10 ms, found 3 plugins.
Preloading 0 native plugins for Editor in 0.00 ms.
Unloading 3401 Unused Serialized files (Serialized files now loaded: 0)
Unloading 26 unused Assets / (112.2 KB). Loaded Objects now: 3866.
Memory consumption went from 118.9 MB to 118.8 MB.
Total: 5.661200 ms (FindLiveObjects: 0.538200 ms CreateObjectMapping: 0.331600 ms MarkObjects: 4.521900 ms  DeleteObjects: 0.267800 ms)

AssetImportParameters requested are different than current active one (requested -> active):
  custom:video-decoder-ogg-theora: a1e56fd34408186e4bbccfd4996cb3dc -> 
  custom:container-muxer-webm: aa71ff27fc2769a1b78a27578f13a17b -> 
  custom:container-demuxer-webm: 4f35f7cbe854078d1ac9338744f61a02 -> 
  custom:video-encoder-webm-vp8: eb34c28f22e8b96e1ab97ce403110664 -> 
  custom:video-codec-MediaFoundation-h265: 746d11721c4dcdbdad8f713fa42b33f4 -> 
  custom:audio-encoder-webm-vorbis: bf7c407c2cedff20999df2af8eb42d56 -> 
  custom:framework-win-MediaFoundation: 216162199b28c13a410421893ffa2e32 -> 
  custom:container-demuxer-ogg: 62fdf1f143b41e24485cea50d1cbac27 -> 
  custom:video-decoder-webm-vp8: 9c59270c3fd7afecdb556c50c9e8de78 -> 
  custom:audio-decoder-ogg-vorbis: bf7c407c2cedff20999df2af8eb42d56 -> 
========================================================================
Received Import Request.
  Time since last request: 27126.600021 seconds.
  path: Assets/Running Ball/Running Ball.unity
  artifactKey: Guid(c7a60eedc46a5df4cbfa95d19fc68b1f) Importer(815301076,1909f56bfc062723c751e8b465ee728b)
Start importing Assets/Running Ball/Running Ball.unity using Guid(c7a60eedc46a5df4cbfa95d19fc68b1f) Importer(815301076,1909f56bfc062723c751e8b465ee728b)  -> (artifact id: '0f270af915a686ddaabbed4dd6582c7e') in 0.011502 seconds 
========================================================================
Received Import Request.
  Time since last request: 5.942416 seconds.
  path: Assets/Running Ball/Scripts
  artifactKey: Guid(4507c957ab43e8145956bf04c68fd24f) Importer(815301076,1909f56bfc062723c751e8b465ee728b)
Start importing Assets/Running Ball/Scripts using Guid(4507c957ab43e8145956bf04c68fd24f) Importer(815301076,1909f56bfc062723c751e8b465ee728b)  -> (artifact id: '38648ee6f6b46639e62341ecd5d3acbb') in 0.001952 seconds 
========================================================================
Received Import Request.
  Time since last request: 1.652957 seconds.
  path: Assets/Running Ball/Scripts/Player_1.cs
  artifactKey: Guid(b1bf00eb2f26c7547b0f0b5f787f65f3) Importer(815301076,1909f56bfc062723c751e8b465ee728b)
Start importing Assets/Running Ball/Scripts/Player_1.cs using Guid(b1bf00eb2f26c7547b0f0b5f787f65f3) Importer(815301076,1909f56bfc062723c751e8b465ee728b)  -> (artifact id: '3a90a7b355403a01af8f06eff383ab42') in 0.036878 seconds 
========================================================================
Received Import Request.
  Time since last request: 37.441632 seconds.
  path: Assets/Running Ball/Prefabs/Coin.prefab
  artifactKey: Guid(ab0c106bfdb5ed749aace95611276b2e) Importer(815301076,1909f56bfc062723c751e8b465ee728b)
Start importing Assets/Running Ball/Prefabs/Coin.prefab using Guid(ab0c106bfdb5ed749aace95611276b2e) Importer(815301076,1909f56bfc062723c751e8b465ee728b)  -> (artifact id: 'e83f9c4c062bd3298fe9590d3f8540ce') in 0.119490 seconds 
========================================================================
Received Import Request.
  Time since last request: 0.000024 seconds.
  path: Assets/Running Ball/Prefabs/Obstacle.prefab
  artifactKey: Guid(6e6fb3a951997284bba269f713c64f68) Importer(815301076,1909f56bfc062723c751e8b465ee728b)
Start importing Assets/Running Ball/Prefabs/Obstacle.prefab using Guid(6e6fb3a951997284bba269f713c64f68) Importer(815301076,1909f56bfc062723c751e8b465ee728b)  -> (artifact id: '4022d2c44ad8c085ccbaedea80ddfc81') in 0.013129 seconds 
========================================================================
Received Import Request.
  Time since last request: 1.619427 seconds.
  path: Assets/Roll a Ball/Roll a Ball.unity
  artifactKey: Guid(28c7051525c6cbe498426429e055506b) Importer(815301076,1909f56bfc062723c751e8b465ee728b)
Start importing Assets/Roll a Ball/Roll a Ball.unity using Guid(28c7051525c6cbe498426429e055506b) Importer(815301076,1909f56bfc062723c751e8b465ee728b)  -> (artifact id: 'c1f049694422df2f457fb82a1a333dfb') in 0.002753 seconds 
========================================================================
Received Import Request.
  Time since last request: 2.717446 seconds.
  path: Assets/Roll a Ball/Scripts
  artifactKey: Guid(80d8db97f8191c54bafaaac10a276dbe) Importer(815301076,1909f56bfc062723c751e8b465ee728b)
Start importing Assets/Roll a Ball/Scripts using Guid(80d8db97f8191c54bafaaac10a276dbe) Importer(815301076,1909f56bfc062723c751e8b465ee728b)  -> (artifact id: 'd4bab9bc459a7f0dc4aa3829de0d5122') in 0.001578 seconds 
========================================================================
Received Import Request.
  Time since last request: 1.946123 seconds.
  path: Assets/Roll a Ball/Scripts/C_Player_1.cs
  artifactKey: Guid(af45d7da302907d4b83d654d4675a44e) Importer(815301076,1909f56bfc062723c751e8b465ee728b)
Start importing Assets/Roll a Ball/Scripts/C_Player_1.cs using Guid(af45d7da302907d4b83d654d4675a44e) Importer(815301076,1909f56bfc062723c751e8b465ee728b)  -> (artifact id: '7f5b140a20f60a4c45b034bb229c7a6e') in 0.001875 seconds 
========================================================================
Received Prepare
Registering precompiled user dll's ...
Registered in 0.012354 seconds.
Begin MonoManager ReloadAssembly
Symbol file LoadedFromMemory doesn't match image E:\unityProject\Vector_Prac\UnityPract\Library\PackageCache\com.unity.visualscripting@1.7.6\Editor\VisualScripting.Core\Dependencies\YamlDotNet\Unity.VisualScripting.YamlDotNet.dll
Symbol file LoadedFromMemory doesn't match image E:\unityProject\Vector_Prac\UnityPract\Library\PackageCache\com.unity.visualscripting@1.7.6\Editor\VisualScripting.Core\Dependencies\DotNetZip\Unity.VisualScripting.IonicZip.dll
Native extension for WindowsStandalone target not found
Native extension for iOS target not found
Native extension for Android target not found
Native extension for WebGL target not found
Refreshing native plugins compatible for Editor in 0.88 ms, found 3 plugins.
Preloading 0 native plugins for Editor in 0.00 ms.
Mono: successfully reloaded assembly
- Completed reload, in  1.796 seconds
Domain Reload Profiling:
	ReloadAssembly (1796ms)
		BeginReloadAssembly (351ms)
			ExecutionOrderSort (0ms)
			DisableScriptedObjects (9ms)
			BackupInstance (0ms)
			ReleaseScriptingObjects (0ms)
			CreateAndSetChildDomain (87ms)
		EndReloadAssembly (1253ms)
			LoadAssemblies (280ms)
			RebuildTransferFunctionScriptingTraits (0ms)
			SetupTypeCache (431ms)
			ReleaseScriptCaches (4ms)
			RebuildScriptCaches (75ms)
			SetupLoadedEditorAssemblies (490ms)
				LogAssemblyErrors (0ms)
				InitializePlatformSupportModulesInManaged (47ms)
				SetLoadedEditorAssemblies (0ms)
				RefreshPlugins (1ms)
				BeforeProcessingInitializeOnLoad (81ms)
				ProcessInitializeOnLoadAttributes (301ms)
				ProcessInitializeOnLoadMethodAttributes (50ms)
				AfterProcessingInitializeOnLoad (9ms)
				EditorAssembliesLoaded (0ms)
			ExecutionOrderSort2 (0ms)
			AwakeInstancesAfterBackupRestoration (22ms)
Platform modules already initialized, skipping
Refreshing native plugins compatible for Editor in 5.26 ms, found 3 plugins.
Preloading 0 native plugins for Editor in 0.00 ms.
Unloading 3383 Unused Serialized files (Serialized files now loaded: 0)
Unloading 19 unused Assets / (79.0 KB). Loaded Objects now: 3877.
Memory consumption went from 121.9 MB to 121.8 MB.
Total: 15.512200 ms (FindLiveObjects: 0.758600 ms CreateObjectMapping: 0.764000 ms MarkObjects: 13.746900 ms  DeleteObjects: 0.239800 ms)

AssetImportParameters requested are different than current active one (requested -> active):
  custom:video-decoder-ogg-theora: a1e56fd34408186e4bbccfd4996cb3dc -> 
  custom:container-muxer-webm: aa71ff27fc2769a1b78a27578f13a17b -> 
  custom:container-demuxer-webm: 4f35f7cbe854078d1ac9338744f61a02 -> 
  custom:video-encoder-webm-vp8: eb34c28f22e8b96e1ab97ce403110664 -> 
  custom:video-codec-MediaFoundation-h265: 746d11721c4dcdbdad8f713fa42b33f4 -> 
  custom:audio-encoder-webm-vorbis: bf7c407c2cedff20999df2af8eb42d56 -> 
  custom:framework-win-MediaFoundation: 216162199b28c13a410421893ffa2e32 -> 
  custom:container-demuxer-ogg: 62fdf1f143b41e24485cea50d1cbac27 -> 
  custom:video-decoder-webm-vp8: 9c59270c3fd7afecdb556c50c9e8de78 -> 
  custom:audio-decoder-ogg-vorbis: bf7c407c2cedff20999df2af8eb42d56 -> 
